<?xml version="1.0" encoding="UTF-8"?>
<testsuite xmlns:xsi="http://www.w3.org/2001/XMLSchema-instance" xsi:noNamespaceSchemaLocation="https://maven.apache.org/surefire/maven-surefire-plugin/xsd/surefire-test-report-3.0.xsd" version="3.0" name="com.arc.arp.AppTest" time="0.057" tests="1" errors="0" skipped="0" failures="0">
  <properties>
    <property name="java.specification.version" value="21"/>
    <property name="sun.jnu.encoding" value="UTF-8"/>
    <property name="java.class.path" value="/home/dwarka/develop/airline-retailing-platform/airline-retailing-platform-service/ingest-clearance-request/target/test-classes:/home/dwarka/develop/airline-retailing-platform/airline-retailing-platform-service/ingest-clearance-request/target/classes:/home/dwarka/.m2/repository/org/springframework/cloud/spring-cloud-function-context/4.0.1/spring-cloud-function-context-4.0.1.jar:/home/dwarka/.m2/repository/net/jodah/typetools/0.6.2/typetools-0.6.2.jar:/home/dwarka/.m2/repository/org/springframework/boot/spring-boot-autoconfigure/3.4.3/spring-boot-autoconfigure-3.4.3.jar:/home/dwarka/.m2/repository/org/springframework/cloud/spring-cloud-function-core/4.2.0/spring-cloud-function-core-4.2.0.jar:/home/dwarka/.m2/repository/io/projectreactor/reactor-core/3.7.3/reactor-core-3.7.3.jar:/home/dwarka/.m2/repository/org/springframework/spring-core/6.2.3/spring-core-6.2.3.jar:/home/dwarka/.m2/repository/org/springframework/spring-jcl/6.2.3/spring-jcl-6.2.3.jar:/home/dwarka/.m2/repository/org/springframework/spring-messaging/6.2.3/spring-messaging-6.2.3.jar:/home/dwarka/.m2/repository/org/springframework/spring-beans/6.2.3/spring-beans-6.2.3.jar:/home/dwarka/.m2/repository/javax/annotation/javax.annotation-api/1.3.2/javax.annotation-api-1.3.2.jar:/home/dwarka/.m2/repository/javax/activation/javax.activation-api/1.2.0/javax.activation-api-1.2.0.jar:/home/dwarka/.m2/repository/com/fasterxml/jackson/core/jackson-databind/2.18.2/jackson-databind-2.18.2.jar:/home/dwarka/.m2/repository/com/fasterxml/jackson/core/jackson-annotations/2.18.2/jackson-annotations-2.18.2.jar:/home/dwarka/.m2/repository/com/fasterxml/jackson/core/jackson-core/2.18.2/jackson-core-2.18.2.jar:/home/dwarka/.m2/repository/org/springframework/cloud/spring-cloud-function-adapter-aws/4.0.1/spring-cloud-function-adapter-aws-4.0.1.jar:/home/dwarka/.m2/repository/org/springframework/boot/spring-boot-starter/3.4.3/spring-boot-starter-3.4.3.jar:/home/dwarka/.m2/repository/org/springframework/boot/spring-boot-starter-logging/3.4.3/spring-boot-starter-logging-3.4.3.jar:/home/dwarka/.m2/repository/ch/qos/logback/logback-classic/1.5.16/logback-classic-1.5.16.jar:/home/dwarka/.m2/repository/ch/qos/logback/logback-core/1.5.16/logback-core-1.5.16.jar:/home/dwarka/.m2/repository/org/apache/logging/log4j/log4j-to-slf4j/2.24.3/log4j-to-slf4j-2.24.3.jar:/home/dwarka/.m2/repository/org/apache/logging/log4j/log4j-api/2.24.3/log4j-api-2.24.3.jar:/home/dwarka/.m2/repository/org/slf4j/jul-to-slf4j/2.0.16/jul-to-slf4j-2.0.16.jar:/home/dwarka/.m2/repository/jakarta/annotation/jakarta.annotation-api/2.1.1/jakarta.annotation-api-2.1.1.jar:/home/dwarka/.m2/repository/org/yaml/snakeyaml/2.3/snakeyaml-2.3.jar:/home/dwarka/.m2/repository/com/fasterxml/jackson/datatype/jackson-datatype-joda/2.18.2/jackson-datatype-joda-2.18.2.jar:/home/dwarka/.m2/repository/joda-time/joda-time/2.12.7/joda-time-2.12.7.jar:/home/dwarka/.m2/repository/software/amazon/awssdk/lambda/2.20.92/lambda-2.20.92.jar:/home/dwarka/.m2/repository/software/amazon/awssdk/aws-json-protocol/2.20.92/aws-json-protocol-2.20.92.jar:/home/dwarka/.m2/repository/software/amazon/awssdk/third-party-jackson-core/2.20.92/third-party-jackson-core-2.20.92.jar:/home/dwarka/.m2/repository/software/amazon/awssdk/protocol-core/2.20.92/protocol-core-2.20.92.jar:/home/dwarka/.m2/repository/software/amazon/awssdk/sdk-core/2.20.92/sdk-core-2.20.92.jar:/home/dwarka/.m2/repository/software/amazon/awssdk/profiles/2.20.92/profiles-2.20.92.jar:/home/dwarka/.m2/repository/org/slf4j/slf4j-api/2.0.16/slf4j-api-2.0.16.jar:/home/dwarka/.m2/repository/org/reactivestreams/reactive-streams/1.0.4/reactive-streams-1.0.4.jar:/home/dwarka/.m2/repository/software/amazon/awssdk/auth/2.20.92/auth-2.20.92.jar:/home/dwarka/.m2/repository/software/amazon/eventstream/eventstream/1.0.1/eventstream-1.0.1.jar:/home/dwarka/.m2/repository/software/amazon/awssdk/http-client-spi/2.20.92/http-client-spi-2.20.92.jar:/home/dwarka/.m2/repository/software/amazon/awssdk/regions/2.20.92/regions-2.20.92.jar:/home/dwarka/.m2/repository/software/amazon/awssdk/annotations/2.20.92/annotations-2.20.92.jar:/home/dwarka/.m2/repository/software/amazon/awssdk/utils/2.20.92/utils-2.20.92.jar:/home/dwarka/.m2/repository/software/amazon/awssdk/aws-core/2.20.92/aws-core-2.20.92.jar:/home/dwarka/.m2/repository/software/amazon/awssdk/metrics-spi/2.20.92/metrics-spi-2.20.92.jar:/home/dwarka/.m2/repository/software/amazon/awssdk/json-utils/2.20.92/json-utils-2.20.92.jar:/home/dwarka/.m2/repository/software/amazon/awssdk/endpoints-spi/2.20.92/endpoints-spi-2.20.92.jar:/home/dwarka/.m2/repository/software/amazon/awssdk/apache-client/2.20.92/apache-client-2.20.92.jar:/home/dwarka/.m2/repository/org/apache/httpcomponents/httpclient/4.5.13/httpclient-4.5.13.jar:/home/dwarka/.m2/repository/commons-logging/commons-logging/1.2/commons-logging-1.2.jar:/home/dwarka/.m2/repository/org/apache/httpcomponents/httpcore/4.4.16/httpcore-4.4.16.jar:/home/dwarka/.m2/repository/commons-codec/commons-codec/1.17.2/commons-codec-1.17.2.jar:/home/dwarka/.m2/repository/software/amazon/awssdk/netty-nio-client/2.20.92/netty-nio-client-2.20.92.jar:/home/dwarka/.m2/repository/io/netty/netty-codec-http/4.1.118.Final/netty-codec-http-4.1.118.Final.jar:/home/dwarka/.m2/repository/io/netty/netty-codec-http2/4.1.118.Final/netty-codec-http2-4.1.118.Final.jar:/home/dwarka/.m2/repository/io/netty/netty-codec/4.1.118.Final/netty-codec-4.1.118.Final.jar:/home/dwarka/.m2/repository/io/netty/netty-transport/4.1.118.Final/netty-transport-4.1.118.Final.jar:/home/dwarka/.m2/repository/io/netty/netty-common/4.1.118.Final/netty-common-4.1.118.Final.jar:/home/dwarka/.m2/repository/io/netty/netty-buffer/4.1.118.Final/netty-buffer-4.1.118.Final.jar:/home/dwarka/.m2/repository/io/netty/netty-handler/4.1.118.Final/netty-handler-4.1.118.Final.jar:/home/dwarka/.m2/repository/io/netty/netty-transport-native-unix-common/4.1.118.Final/netty-transport-native-unix-common-4.1.118.Final.jar:/home/dwarka/.m2/repository/io/netty/netty-transport-classes-epoll/4.1.118.Final/netty-transport-classes-epoll-4.1.118.Final.jar:/home/dwarka/.m2/repository/io/netty/netty-resolver/4.1.118.Final/netty-resolver-4.1.118.Final.jar:/home/dwarka/.m2/repository/org/springframework/cloud/spring-cloud-function-web/4.0.1/spring-cloud-function-web-4.0.1.jar:/home/dwarka/.m2/repository/org/springframework/boot/spring-boot-starter-web/3.4.3/spring-boot-starter-web-3.4.3.jar:/home/dwarka/.m2/repository/org/springframework/boot/spring-boot-starter-json/3.4.3/spring-boot-starter-json-3.4.3.jar:/home/dwarka/.m2/repository/com/fasterxml/jackson/datatype/jackson-datatype-jdk8/2.18.2/jackson-datatype-jdk8-2.18.2.jar:/home/dwarka/.m2/repository/com/fasterxml/jackson/datatype/jackson-datatype-jsr310/2.18.2/jackson-datatype-jsr310-2.18.2.jar:/home/dwarka/.m2/repository/com/fasterxml/jackson/module/jackson-module-parameter-names/2.18.2/jackson-module-parameter-names-2.18.2.jar:/home/dwarka/.m2/repository/org/springframework/boot/spring-boot-starter-tomcat/3.4.3/spring-boot-starter-tomcat-3.4.3.jar:/home/dwarka/.m2/repository/org/apache/tomcat/embed/tomcat-embed-core/10.1.36/tomcat-embed-core-10.1.36.jar:/home/dwarka/.m2/repository/org/apache/tomcat/embed/tomcat-embed-el/10.1.36/tomcat-embed-el-10.1.36.jar:/home/dwarka/.m2/repository/org/apache/tomcat/embed/tomcat-embed-websocket/10.1.36/tomcat-embed-websocket-10.1.36.jar:/home/dwarka/.m2/repository/org/springframework/spring-web/6.2.3/spring-web-6.2.3.jar:/home/dwarka/.m2/repository/org/springframework/spring-webmvc/6.2.3/spring-webmvc-6.2.3.jar:/home/dwarka/.m2/repository/org/springframework/spring-aop/6.2.3/spring-aop-6.2.3.jar:/home/dwarka/.m2/repository/org/springframework/spring-context/6.2.3/spring-context-6.2.3.jar:/home/dwarka/.m2/repository/org/springframework/spring-expression/6.2.3/spring-expression-6.2.3.jar:/home/dwarka/.m2/repository/org/springframework/boot/spring-boot-starter-actuator/3.4.3/spring-boot-starter-actuator-3.4.3.jar:/home/dwarka/.m2/repository/org/springframework/boot/spring-boot-actuator-autoconfigure/3.4.3/spring-boot-actuator-autoconfigure-3.4.3.jar:/home/dwarka/.m2/repository/org/springframework/boot/spring-boot-actuator/3.4.3/spring-boot-actuator-3.4.3.jar:/home/dwarka/.m2/repository/io/micrometer/micrometer-observation/1.14.4/micrometer-observation-1.14.4.jar:/home/dwarka/.m2/repository/io/micrometer/micrometer-commons/1.14.4/micrometer-commons-1.14.4.jar:/home/dwarka/.m2/repository/io/micrometer/micrometer-jakarta9/1.14.4/micrometer-jakarta9-1.14.4.jar:/home/dwarka/.m2/repository/io/micrometer/micrometer-core/1.14.4/micrometer-core-1.14.4.jar:/home/dwarka/.m2/repository/org/hdrhistogram/HdrHistogram/2.2.2/HdrHistogram-2.2.2.jar:/home/dwarka/.m2/repository/org/latencyutils/LatencyUtils/2.0.3/LatencyUtils-2.0.3.jar:/home/dwarka/.m2/repository/org/springframework/boot/spring-boot-devtools/3.4.3/spring-boot-devtools-3.4.3.jar:/home/dwarka/.m2/repository/org/springframework/boot/spring-boot/3.4.3/spring-boot-3.4.3.jar:/home/dwarka/.m2/repository/org/junit/jupiter/junit-jupiter-api/5.11.4/junit-jupiter-api-5.11.4.jar:/home/dwarka/.m2/repository/org/opentest4j/opentest4j/1.3.0/opentest4j-1.3.0.jar:/home/dwarka/.m2/repository/org/junit/platform/junit-platform-commons/1.11.4/junit-platform-commons-1.11.4.jar:/home/dwarka/.m2/repository/org/apiguardian/apiguardian-api/1.1.2/apiguardian-api-1.1.2.jar:"/>
    <property name="java.vm.vendor" value="Eclipse Adoptium"/>
    <property name="sun.arch.data.model" value="64"/>
    <property name="java.vendor.url" value="https://adoptium.net/"/>
    <property name="os.name" value="Linux"/>
    <property name="java.vm.specification.version" value="21"/>
    <property name="sun.java.launcher" value="SUN_STANDARD"/>
    <property name="user.country" value="US"/>
    <property name="sun.boot.library.path" value="/home/dwarka/.sdkman/candidates/java/21.0.6-tem/lib"/>
    <property name="sun.java.command" value="/home/dwarka/develop/airline-retailing-platform/airline-retailing-platform-service/ingest-clearance-request/target/surefire/surefirebooter-20250313030919508_6.jar /home/dwarka/develop/airline-retailing-platform/airline-retailing-platform-service/ingest-clearance-request/target/surefire 2025-03-13T03-09-12_417-jvmRun1 surefire-20250313030919508_4tmp surefire_1-20250313030919508_5tmp"/>
    <property name="jdk.debug" value="release"/>
    <property name="surefire.test.class.path" value="/home/dwarka/develop/airline-retailing-platform/airline-retailing-platform-service/ingest-clearance-request/target/test-classes:/home/dwarka/develop/airline-retailing-platform/airline-retailing-platform-service/ingest-clearance-request/target/classes:/home/dwarka/.m2/repository/org/springframework/cloud/spring-cloud-function-context/4.0.1/spring-cloud-function-context-4.0.1.jar:/home/dwarka/.m2/repository/net/jodah/typetools/0.6.2/typetools-0.6.2.jar:/home/dwarka/.m2/repository/org/springframework/boot/spring-boot-autoconfigure/3.4.3/spring-boot-autoconfigure-3.4.3.jar:/home/dwarka/.m2/repository/org/springframework/cloud/spring-cloud-function-core/4.2.0/spring-cloud-function-core-4.2.0.jar:/home/dwarka/.m2/repository/io/projectreactor/reactor-core/3.7.3/reactor-core-3.7.3.jar:/home/dwarka/.m2/repository/org/springframework/spring-core/6.2.3/spring-core-6.2.3.jar:/home/dwarka/.m2/repository/org/springframework/spring-jcl/6.2.3/spring-jcl-6.2.3.jar:/home/dwarka/.m2/repository/org/springframework/spring-messaging/6.2.3/spring-messaging-6.2.3.jar:/home/dwarka/.m2/repository/org/springframework/spring-beans/6.2.3/spring-beans-6.2.3.jar:/home/dwarka/.m2/repository/javax/annotation/javax.annotation-api/1.3.2/javax.annotation-api-1.3.2.jar:/home/dwarka/.m2/repository/javax/activation/javax.activation-api/1.2.0/javax.activation-api-1.2.0.jar:/home/dwarka/.m2/repository/com/fasterxml/jackson/core/jackson-databind/2.18.2/jackson-databind-2.18.2.jar:/home/dwarka/.m2/repository/com/fasterxml/jackson/core/jackson-annotations/2.18.2/jackson-annotations-2.18.2.jar:/home/dwarka/.m2/repository/com/fasterxml/jackson/core/jackson-core/2.18.2/jackson-core-2.18.2.jar:/home/dwarka/.m2/repository/org/springframework/cloud/spring-cloud-function-adapter-aws/4.0.1/spring-cloud-function-adapter-aws-4.0.1.jar:/home/dwarka/.m2/repository/org/springframework/boot/spring-boot-starter/3.4.3/spring-boot-starter-3.4.3.jar:/home/dwarka/.m2/repository/org/springframework/boot/spring-boot-starter-logging/3.4.3/spring-boot-starter-logging-3.4.3.jar:/home/dwarka/.m2/repository/ch/qos/logback/logback-classic/1.5.16/logback-classic-1.5.16.jar:/home/dwarka/.m2/repository/ch/qos/logback/logback-core/1.5.16/logback-core-1.5.16.jar:/home/dwarka/.m2/repository/org/apache/logging/log4j/log4j-to-slf4j/2.24.3/log4j-to-slf4j-2.24.3.jar:/home/dwarka/.m2/repository/org/apache/logging/log4j/log4j-api/2.24.3/log4j-api-2.24.3.jar:/home/dwarka/.m2/repository/org/slf4j/jul-to-slf4j/2.0.16/jul-to-slf4j-2.0.16.jar:/home/dwarka/.m2/repository/jakarta/annotation/jakarta.annotation-api/2.1.1/jakarta.annotation-api-2.1.1.jar:/home/dwarka/.m2/repository/org/yaml/snakeyaml/2.3/snakeyaml-2.3.jar:/home/dwarka/.m2/repository/com/fasterxml/jackson/datatype/jackson-datatype-joda/2.18.2/jackson-datatype-joda-2.18.2.jar:/home/dwarka/.m2/repository/joda-time/joda-time/2.12.7/joda-time-2.12.7.jar:/home/dwarka/.m2/repository/software/amazon/awssdk/lambda/2.20.92/lambda-2.20.92.jar:/home/dwarka/.m2/repository/software/amazon/awssdk/aws-json-protocol/2.20.92/aws-json-protocol-2.20.92.jar:/home/dwarka/.m2/repository/software/amazon/awssdk/third-party-jackson-core/2.20.92/third-party-jackson-core-2.20.92.jar:/home/dwarka/.m2/repository/software/amazon/awssdk/protocol-core/2.20.92/protocol-core-2.20.92.jar:/home/dwarka/.m2/repository/software/amazon/awssdk/sdk-core/2.20.92/sdk-core-2.20.92.jar:/home/dwarka/.m2/repository/software/amazon/awssdk/profiles/2.20.92/profiles-2.20.92.jar:/home/dwarka/.m2/repository/org/slf4j/slf4j-api/2.0.16/slf4j-api-2.0.16.jar:/home/dwarka/.m2/repository/org/reactivestreams/reactive-streams/1.0.4/reactive-streams-1.0.4.jar:/home/dwarka/.m2/repository/software/amazon/awssdk/auth/2.20.92/auth-2.20.92.jar:/home/dwarka/.m2/repository/software/amazon/eventstream/eventstream/1.0.1/eventstream-1.0.1.jar:/home/dwarka/.m2/repository/software/amazon/awssdk/http-client-spi/2.20.92/http-client-spi-2.20.92.jar:/home/dwarka/.m2/repository/software/amazon/awssdk/regions/2.20.92/regions-2.20.92.jar:/home/dwarka/.m2/repository/software/amazon/awssdk/annotations/2.20.92/annotations-2.20.92.jar:/home/dwarka/.m2/repository/software/amazon/awssdk/utils/2.20.92/utils-2.20.92.jar:/home/dwarka/.m2/repository/software/amazon/awssdk/aws-core/2.20.92/aws-core-2.20.92.jar:/home/dwarka/.m2/repository/software/amazon/awssdk/metrics-spi/2.20.92/metrics-spi-2.20.92.jar:/home/dwarka/.m2/repository/software/amazon/awssdk/json-utils/2.20.92/json-utils-2.20.92.jar:/home/dwarka/.m2/repository/software/amazon/awssdk/endpoints-spi/2.20.92/endpoints-spi-2.20.92.jar:/home/dwarka/.m2/repository/software/amazon/awssdk/apache-client/2.20.92/apache-client-2.20.92.jar:/home/dwarka/.m2/repository/org/apache/httpcomponents/httpclient/4.5.13/httpclient-4.5.13.jar:/home/dwarka/.m2/repository/commons-logging/commons-logging/1.2/commons-logging-1.2.jar:/home/dwarka/.m2/repository/org/apache/httpcomponents/httpcore/4.4.16/httpcore-4.4.16.jar:/home/dwarka/.m2/repository/commons-codec/commons-codec/1.17.2/commons-codec-1.17.2.jar:/home/dwarka/.m2/repository/software/amazon/awssdk/netty-nio-client/2.20.92/netty-nio-client-2.20.92.jar:/home/dwarka/.m2/repository/io/netty/netty-codec-http/4.1.118.Final/netty-codec-http-4.1.118.Final.jar:/home/dwarka/.m2/repository/io/netty/netty-codec-http2/4.1.118.Final/netty-codec-http2-4.1.118.Final.jar:/home/dwarka/.m2/repository/io/netty/netty-codec/4.1.118.Final/netty-codec-4.1.118.Final.jar:/home/dwarka/.m2/repository/io/netty/netty-transport/4.1.118.Final/netty-transport-4.1.118.Final.jar:/home/dwarka/.m2/repository/io/netty/netty-common/4.1.118.Final/netty-common-4.1.118.Final.jar:/home/dwarka/.m2/repository/io/netty/netty-buffer/4.1.118.Final/netty-buffer-4.1.118.Final.jar:/home/dwarka/.m2/repository/io/netty/netty-handler/4.1.118.Final/netty-handler-4.1.118.Final.jar:/home/dwarka/.m2/repository/io/netty/netty-transport-native-unix-common/4.1.118.Final/netty-transport-native-unix-common-4.1.118.Final.jar:/home/dwarka/.m2/repository/io/netty/netty-transport-classes-epoll/4.1.118.Final/netty-transport-classes-epoll-4.1.118.Final.jar:/home/dwarka/.m2/repository/io/netty/netty-resolver/4.1.118.Final/netty-resolver-4.1.118.Final.jar:/home/dwarka/.m2/repository/org/springframework/cloud/spring-cloud-function-web/4.0.1/spring-cloud-function-web-4.0.1.jar:/home/dwarka/.m2/repository/org/springframework/boot/spring-boot-starter-web/3.4.3/spring-boot-starter-web-3.4.3.jar:/home/dwarka/.m2/repository/org/springframework/boot/spring-boot-starter-json/3.4.3/spring-boot-starter-json-3.4.3.jar:/home/dwarka/.m2/repository/com/fasterxml/jackson/datatype/jackson-datatype-jdk8/2.18.2/jackson-datatype-jdk8-2.18.2.jar:/home/dwarka/.m2/repository/com/fasterxml/jackson/datatype/jackson-datatype-jsr310/2.18.2/jackson-datatype-jsr310-2.18.2.jar:/home/dwarka/.m2/repository/com/fasterxml/jackson/module/jackson-module-parameter-names/2.18.2/jackson-module-parameter-names-2.18.2.jar:/home/dwarka/.m2/repository/org/springframework/boot/spring-boot-starter-tomcat/3.4.3/spring-boot-starter-tomcat-3.4.3.jar:/home/dwarka/.m2/repository/org/apache/tomcat/embed/tomcat-embed-core/10.1.36/tomcat-embed-core-10.1.36.jar:/home/dwarka/.m2/repository/org/apache/tomcat/embed/tomcat-embed-el/10.1.36/tomcat-embed-el-10.1.36.jar:/home/dwarka/.m2/repository/org/apache/tomcat/embed/tomcat-embed-websocket/10.1.36/tomcat-embed-websocket-10.1.36.jar:/home/dwarka/.m2/repository/org/springframework/spring-web/6.2.3/spring-web-6.2.3.jar:/home/dwarka/.m2/repository/org/springframework/spring-webmvc/6.2.3/spring-webmvc-6.2.3.jar:/home/dwarka/.m2/repository/org/springframework/spring-aop/6.2.3/spring-aop-6.2.3.jar:/home/dwarka/.m2/repository/org/springframework/spring-context/6.2.3/spring-context-6.2.3.jar:/home/dwarka/.m2/repository/org/springframework/spring-expression/6.2.3/spring-expression-6.2.3.jar:/home/dwarka/.m2/repository/org/springframework/boot/spring-boot-starter-actuator/3.4.3/spring-boot-starter-actuator-3.4.3.jar:/home/dwarka/.m2/repository/org/springframework/boot/spring-boot-actuator-autoconfigure/3.4.3/spring-boot-actuator-autoconfigure-3.4.3.jar:/home/dwarka/.m2/repository/org/springframework/boot/spring-boot-actuator/3.4.3/spring-boot-actuator-3.4.3.jar:/home/dwarka/.m2/repository/io/micrometer/micrometer-observation/1.14.4/micrometer-observation-1.14.4.jar:/home/dwarka/.m2/repository/io/micrometer/micrometer-commons/1.14.4/micrometer-commons-1.14.4.jar:/home/dwarka/.m2/repository/io/micrometer/micrometer-jakarta9/1.14.4/micrometer-jakarta9-1.14.4.jar:/home/dwarka/.m2/repository/io/micrometer/micrometer-core/1.14.4/micrometer-core-1.14.4.jar:/home/dwarka/.m2/repository/org/hdrhistogram/HdrHistogram/2.2.2/HdrHistogram-2.2.2.jar:/home/dwarka/.m2/repository/org/latencyutils/LatencyUtils/2.0.3/LatencyUtils-2.0.3.jar:/home/dwarka/.m2/repository/org/springframework/boot/spring-boot-devtools/3.4.3/spring-boot-devtools-3.4.3.jar:/home/dwarka/.m2/repository/org/springframework/boot/spring-boot/3.4.3/spring-boot-3.4.3.jar:/home/dwarka/.m2/repository/org/junit/jupiter/junit-jupiter-api/5.11.4/junit-jupiter-api-5.11.4.jar:/home/dwarka/.m2/repository/org/opentest4j/opentest4j/1.3.0/opentest4j-1.3.0.jar:/home/dwarka/.m2/repository/org/junit/platform/junit-platform-commons/1.11.4/junit-platform-commons-1.11.4.jar:/home/dwarka/.m2/repository/org/apiguardian/apiguardian-api/1.1.2/apiguardian-api-1.1.2.jar:"/>
    <property name="sun.cpu.endian" value="little"/>
    <property name="user.home" value="/home/dwarka"/>
    <property name="user.language" value="en"/>
    <property name="java.specification.vendor" value="Oracle Corporation"/>
    <property name="java.version.date" value="2025-01-21"/>
    <property name="java.home" value="/home/dwarka/.sdkman/candidates/java/21.0.6-tem"/>
    <property name="file.separator" value="/"/>
    <property name="basedir" value="/home/dwarka/develop/airline-retailing-platform/airline-retailing-platform-service/ingest-clearance-request"/>
    <property name="java.vm.compressedOopsMode" value="Zero based"/>
    <property name="line.separator" value="&#10;"/>
    <property name="java.specification.name" value="Java Platform API Specification"/>
    <property name="java.vm.specification.vendor" value="Oracle Corporation"/>
    <property name="surefire.real.class.path" value="/home/dwarka/develop/airline-retailing-platform/airline-retailing-platform-service/ingest-clearance-request/target/surefire/surefirebooter-20250313030919508_6.jar"/>
    <property name="sun.management.compiler" value="HotSpot 64-Bit Tiered Compilers"/>
    <property name="java.runtime.version" value="21.0.6+7-LTS"/>
    <property name="user.name" value="dwarka"/>
    <property name="stdout.encoding" value="UTF-8"/>
    <property name="path.separator" value=":"/>
    <property name="os.version" value="6.8.0-52-generic"/>
    <property name="java.runtime.name" value="OpenJDK Runtime Environment"/>
    <property name="file.encoding" value="UTF-8"/>
    <property name="java.vm.name" value="OpenJDK 64-Bit Server VM"/>
    <property name="java.vendor.version" value="Temurin-21.0.6+7"/>
    <property name="localRepository" value="/home/dwarka/.m2/repository"/>
    <property name="java.vendor.url.bug" value="https://github.com/adoptium/adoptium-support/issues"/>
    <property name="java.io.tmpdir" value="/tmp"/>
    <property name="java.version" value="21.0.6"/>
    <property name="user.dir" value="/home/dwarka/develop/airline-retailing-platform/airline-retailing-platform-service/ingest-clearance-request"/>
    <property name="os.arch" value="amd64"/>
    <property name="java.vm.specification.name" value="Java Virtual Machine Specification"/>
    <property name="native.encoding" value="UTF-8"/>
    <property name="java.library.path" value="/usr/java/packages/lib:/usr/lib64:/lib64:/lib:/usr/lib"/>
    <property name="java.vm.info" value="mixed mode, sharing"/>
    <property name="stderr.encoding" value="UTF-8"/>
    <property name="java.vendor" value="Eclipse Adoptium"/>
    <property name="java.vm.version" value="21.0.6+7-LTS"/>
    <property name="sun.io.unicode.encoding" value="UnicodeLittle"/>
    <property name="java.class.version" value="65.0"/>
  </properties>
  <testcase name="testApp" classname="com.arc.arp.AppTest" time="0.028"/>
</testsuite>